Using pre-set license
Built from '2020.3/staging' branch; Version is '2020.3.28f1 (f5400f52e03f) revision 16072719'; Using compiler version '192528614'; Build Type 'Release'
OS: 'Windows 10  (10.0.19042) 64bit Core' Language: 'en' Physical Memory: 8034 MB
BatchMode: 1, IsHumanControllingUs: 0, StartBugReporterOnCrash: 0, Is64bit: 1, IsPro: 0

COMMAND LINE ARGUMENTS:
C:\Program Files\Unity\Hub\Editor\2020.3.28f1\Editor\Unity.exe
-adb2
-batchMode
-noUpm
-name
AssetImportWorker0
-projectPath
C:/Users/codin/Documents/GitHub/Module-3-V.4
-logFile
Logs/AssetImportWorker0.log
-srvPort
49805
Successfully changed project path to: C:/Users/codin/Documents/GitHub/Module-3-V.4
C:/Users/codin/Documents/GitHub/Module-3-V.4
Using Asset Import Pipeline V2.
Refreshing native plugins compatible for Editor in 35.70 ms, found 2 plugins.
Preloading 0 native plugins for Editor in 0.00 ms.
Initialize engine version: 2020.3.28f1 (f5400f52e03f)
[Subsystems] Discovering subsystems at path C:/Program Files/Unity/Hub/Editor/2020.3.28f1/Editor/Data/Resources/UnitySubsystems
[Subsystems] Discovering subsystems at path C:/Users/codin/Documents/GitHub/Module-3-V.4/Assets
GfxDevice: creating device client; threaded=0
Direct3D:
    Version:  Direct3D 11.0 [level 11.1]
    Renderer: NVIDIA GeForce GTX 1050 Ti (ID=0x1c8c)
    Vendor:   
    VRAM:     4029 MB
    Driver:   23.21.13.8873
Initialize mono
Mono path[0] = 'C:/Program Files/Unity/Hub/Editor/2020.3.28f1/Editor/Data/Managed'
Mono path[1] = 'C:/Program Files/Unity/Hub/Editor/2020.3.28f1/Editor/Data/MonoBleedingEdge/lib/mono/unityjit'
Mono config path = 'C:/Program Files/Unity/Hub/Editor/2020.3.28f1/Editor/Data/MonoBleedingEdge/etc'
Using monoOptions --debugger-agent=transport=dt_socket,embedding=1,server=y,suspend=n,address=127.0.0.1:56712
Begin MonoManager ReloadAssembly
Registering precompiled unity dll's ...
Register platform support module: C:/Program Files/Unity/Hub/Editor/2020.3.28f1/Editor/Data/PlaybackEngines/WindowsStandaloneSupport/UnityEditor.WindowsStandalone.Extensions.dll
Registered in 0.120719 seconds.
Native extension for WindowsStandalone target not found
Refreshing native plugins compatible for Editor in 35.44 ms, found 2 plugins.
Preloading 0 native plugins for Editor in 0.00 ms.
Mono: successfully reloaded assembly
- Completed reload, in  3.304 seconds
Domain Reload Profiling:
	ReloadAssembly (3304ms)
		BeginReloadAssembly (2301ms)
			ExecutionOrderSort (0ms)
			DisableScriptedObjects (0ms)
			BackupInstance (0ms)
			ReleaseScriptingObjects (0ms)
			CreateAndSetChildDomain (1ms)
		EndReloadAssembly (718ms)
			LoadAssemblies (2300ms)
			RebuildTransferFunctionScriptingTraits (0ms)
			SetupTypeCache (403ms)
			ReleaseScriptCaches (0ms)
			RebuildScriptCaches (28ms)
			SetupLoadedEditorAssemblies (149ms)
				LogAssemblyErrors (0ms)
				InitializePlatformSupportModulesInManaged (4ms)
				SetLoadedEditorAssemblies (0ms)
				RefreshPlugins (36ms)
				BeforeProcessingInitializeOnLoad (7ms)
				ProcessInitializeOnLoadAttributes (75ms)
				ProcessInitializeOnLoadMethodAttributes (28ms)
				AfterProcessingInitializeOnLoad (0ms)
				EditorAssembliesLoaded (0ms)
			ExecutionOrderSort2 (0ms)
			AwakeInstancesAfterBackupRestoration (0ms)
Platform modules already initialized, skipping
Registering precompiled user dll's ...
Registered in 0.593576 seconds.
Begin MonoManager ReloadAssembly
Native extension for WindowsStandalone target not found
Refreshing native plugins compatible for Editor in 0.45 ms, found 2 plugins.
Preloading 0 native plugins for Editor in 0.00 ms.
Mono: successfully reloaded assembly
- Completed reload, in  4.169 seconds
Domain Reload Profiling:
	ReloadAssembly (4173ms)
		BeginReloadAssembly (140ms)
			ExecutionOrderSort (0ms)
			DisableScriptedObjects (4ms)
			BackupInstance (0ms)
			ReleaseScriptingObjects (0ms)
			CreateAndSetChildDomain (17ms)
		EndReloadAssembly (3978ms)
			LoadAssemblies (1555ms)
			RebuildTransferFunctionScriptingTraits (0ms)
			SetupTypeCache (905ms)
			ReleaseScriptCaches (0ms)
			RebuildScriptCaches (37ms)
			SetupLoadedEditorAssemblies (1405ms)
				LogAssemblyErrors (0ms)
				InitializePlatformSupportModulesInManaged (8ms)
				SetLoadedEditorAssemblies (1ms)
				RefreshPlugins (1ms)
				BeforeProcessingInitializeOnLoad (78ms)
				ProcessInitializeOnLoadAttributes (442ms)
				ProcessInitializeOnLoadMethodAttributes (868ms)
				AfterProcessingInitializeOnLoad (7ms)
				EditorAssembliesLoaded (0ms)
			ExecutionOrderSort2 (0ms)
			AwakeInstancesAfterBackupRestoration (7ms)
Platform modules already initialized, skipping
========================================================================
Worker process is ready to serve import requests
Launched and connected shader compiler UnityShaderCompiler.exe after 0.10 seconds
Refreshing native plugins compatible for Editor in 0.40 ms, found 2 plugins.
Preloading 0 native plugins for Editor in 0.00 ms.
Unloading 1748 Unused Serialized files (Serialized files now loaded: 0)
System memory in use before: 114.4 MB.
System memory in use after: 114.4 MB.

Unloading 23 unused Assets to reduce memory usage. Loaded Objects now: 2203.
Total: 4.377300 ms (FindLiveObjects: 0.149900 ms CreateObjectMapping: 0.052700 ms MarkObjects: 4.096400 ms  DeleteObjects: 0.077100 ms)

AssetImportParameters requested are different than current active one (requested -> active):
  custom:framework-win-MediaFoundation: 216162199b28c13a410421893ffa2e32 -> 
  custom:video-decoder-ogg-theora: a1e56fd34408186e4bbccfd4996cb3dc -> 
  custom:container-muxer-webm: aa71ff27fc2769a1b78a27578f13a17b -> 
  custom:container-demuxer-webm: 4f35f7cbe854078d1ac9338744f61a02 -> 
  custom:container-demuxer-ogg: 62fdf1f143b41e24485cea50d1cbac27 -> 
  custom:video-encoder-webm-vp8: eb34c28f22e8b96e1ab97ce403110664 -> 
  custom:video-decoder-webm-vp8: 9c59270c3fd7afecdb556c50c9e8de78 -> 
  custom:audio-decoder-ogg-vorbis: bf7c407c2cedff20999df2af8eb42d56 -> 
  custom:audio-encoder-webm-vorbis: bf7c407c2cedff20999df2af8eb42d56 -> 
========================================================================
Received Import Request.
  path: Assets/Models/DeciduousTreeParts/bark14_N.png
  artifactKey: Guid(81f1d63919f88a547a8d97fe857cc586) Importer(815301076,1909f56bfc062723c751e8b465ee728b)
Start importing Assets/Models/DeciduousTreeParts/bark14_N.png using Guid(81f1d63919f88a547a8d97fe857cc586) Importer(815301076,1909f56bfc062723c751e8b465ee728b)  -> (artifact id: 'e9bfc5cb2881844a3bd1738bf31a70a7') in 0.154218 seconds 
  Import took 0.159258 seconds .

========================================================================
Received Import Request.
  Time since last request: 0.000393 seconds.
  path: Assets/Models/Bush/Bush 7.png
  artifactKey: Guid(58b6100b4b1965642a0130a34bdcd1c2) Importer(815301076,1909f56bfc062723c751e8b465ee728b)
Start importing Assets/Models/Bush/Bush 7.png using Guid(58b6100b4b1965642a0130a34bdcd1c2) Importer(815301076,1909f56bfc062723c751e8b465ee728b)  -> (artifact id: 'ef015bec333ece53d39842896a1ee045') in 0.028941 seconds 
  Import took 0.033816 seconds .

========================================================================
Received Import Request.
  Time since last request: 0.000567 seconds.
  path: Assets/Textures/Snowy Cliff Materials Pack/Textures/CliffSnow 2/Cliff Snow 2_4K_Displacement.tga
  artifactKey: Guid(4842039c97831b14c890f3a056e84bd4) Importer(815301076,1909f56bfc062723c751e8b465ee728b)
Start importing Assets/Textures/Snowy Cliff Materials Pack/Textures/CliffSnow 2/Cliff Snow 2_4K_Displacement.tga using Guid(4842039c97831b14c890f3a056e84bd4) Importer(815301076,1909f56bfc062723c751e8b465ee728b)  -> (artifact id: '2d1ec81fb1fed42e1ca81aac2e6851f4') in 0.039135 seconds 
  Import took 0.042653 seconds .

========================================================================
Received Import Request.
  Time since last request: 0.000385 seconds.
  path: Assets/Models/Bush/Bush 2.png
  artifactKey: Guid(a060d0f8ad4251c4f8e786d48447dce0) Importer(815301076,1909f56bfc062723c751e8b465ee728b)
Start importing Assets/Models/Bush/Bush 2.png using Guid(a060d0f8ad4251c4f8e786d48447dce0) Importer(815301076,1909f56bfc062723c751e8b465ee728b)  -> (artifact id: '91584141bb1384acf2dee5981c372c3d') in 0.024009 seconds 
  Import took 0.028582 seconds .

========================================================================
Received Import Request.
  Time since last request: 0.001026 seconds.
  path: Assets/Models/ConiferTreeParts/Shared Sources/Textures/BODT Conifer Trunk [Normal] [AO] [Specular].psd
  artifactKey: Guid(cc724252428df448db5a10316678900b) Importer(815301076,1909f56bfc062723c751e8b465ee728b)
Start importing Assets/Models/ConiferTreeParts/Shared Sources/Textures/BODT Conifer Trunk [Normal] [AO] [Specular].psd using Guid(cc724252428df448db5a10316678900b) Importer(815301076,1909f56bfc062723c751e8b465ee728b)  -> (artifact id: '589e0402b79e31321d1687436416639d') in 0.040333 seconds 
  Import took 0.043880 seconds .

========================================================================
Received Import Request.
  Time since last request: 0.000413 seconds.
  path: Assets/Textures/Snowy Cliff Materials Pack/Textures/CliffSnow 2/Cliff Snow 2_4K_AO.tga
  artifactKey: Guid(bc79178f061b3834cbf770ff151c8f92) Importer(815301076,1909f56bfc062723c751e8b465ee728b)
Start importing Assets/Textures/Snowy Cliff Materials Pack/Textures/CliffSnow 2/Cliff Snow 2_4K_AO.tga using Guid(bc79178f061b3834cbf770ff151c8f92) Importer(815301076,1909f56bfc062723c751e8b465ee728b)  -> (artifact id: 'fdc493e81575214905ed8ac6d074d81e') in 0.016290 seconds 
  Import took 0.020227 seconds .

========================================================================
Received Import Request.
  Time since last request: 0.000595 seconds.
  path: Assets/Models/DeciduousTreeParts/bark14.png
  artifactKey: Guid(78e60ad3a8152ec46be748bb6d5a7cdf) Importer(815301076,1909f56bfc062723c751e8b465ee728b)
Start importing Assets/Models/DeciduousTreeParts/bark14.png using Guid(78e60ad3a8152ec46be748bb6d5a7cdf) Importer(815301076,1909f56bfc062723c751e8b465ee728b)  -> (artifact id: '46f34fff9ed90fc48ca99e9f16e7e4af') in 0.025399 seconds 
  Import took 0.030953 seconds .

========================================================================
Received Import Request.
  Time since last request: 0.000735 seconds.
  path: Assets/Models/ConiferTreeParts/Shared Sources/Textures/BODT Conifer Branches [Trans] [Smoothness].psd
  artifactKey: Guid(ca6a46a4d37514e00ae826202bad794e) Importer(815301076,1909f56bfc062723c751e8b465ee728b)
Start importing Assets/Models/ConiferTreeParts/Shared Sources/Textures/BODT Conifer Branches [Trans] [Smoothness].psd using Guid(ca6a46a4d37514e00ae826202bad794e) Importer(815301076,1909f56bfc062723c751e8b465ee728b)  -> (artifact id: '72bf901bd3f3497fdd3faf44eb27f672') in 0.029149 seconds 
  Import took 0.034281 seconds .

========================================================================
Received Import Request.
  Time since last request: 0.000947 seconds.
  path: Assets/Textures/CheckerAlbedo.tif
  artifactKey: Guid(6a4ef961bc461724e9bbc090b92b88e4) Importer(815301076,1909f56bfc062723c751e8b465ee728b)
Start importing Assets/Textures/CheckerAlbedo.tif using Guid(6a4ef961bc461724e9bbc090b92b88e4) Importer(815301076,1909f56bfc062723c751e8b465ee728b)  -> (artifact id: 'd80db39e5fc906ade1078883623ad24a') in 0.038692 seconds 
  Import took 0.043685 seconds .

========================================================================
Received Import Request.
  Time since last request: 0.000369 seconds.
  path: Assets/Textures/Snowy Cliff Materials Pack/Textures/CliffSnow 1/Cliff Snow 1_4K_Gloss.tga
  artifactKey: Guid(67393e96cd551df45810b112af8cb8af) Importer(815301076,1909f56bfc062723c751e8b465ee728b)
Start importing Assets/Textures/Snowy Cliff Materials Pack/Textures/CliffSnow 1/Cliff Snow 1_4K_Gloss.tga using Guid(67393e96cd551df45810b112af8cb8af) Importer(815301076,1909f56bfc062723c751e8b465ee728b)  -> (artifact id: '0e64b0d9c05275d8b68e0dbf0a021835') in 0.029306 seconds 
  Import took 0.033875 seconds .

========================================================================
Received Import Request.
  Time since last request: 0.000492 seconds.
  path: Assets/Textures/Snowy Cliff Materials Pack/Textures/CliffSnow 2/Cliff Snow 2_4K_Gloss.tga
  artifactKey: Guid(88963b9d53cb0d64cbd80ba053f117b9) Importer(815301076,1909f56bfc062723c751e8b465ee728b)
Start importing Assets/Textures/Snowy Cliff Materials Pack/Textures/CliffSnow 2/Cliff Snow 2_4K_Gloss.tga using Guid(88963b9d53cb0d64cbd80ba053f117b9) Importer(815301076,1909f56bfc062723c751e8b465ee728b)  -> (artifact id: '95e96a2bedcdceefc98a9f960f9cdbbb') in 0.027732 seconds 
  Import took 0.031209 seconds .

========================================================================
Received Import Request.
  Time since last request: 0.000375 seconds.
  path: Assets/Textures/Snowy Cliff Materials Pack/Textures/CliffSnow 1/Cliff Snow 1_4K_Metalness.tga
  artifactKey: Guid(247285d16d53d3548998e70036f9c727) Importer(815301076,1909f56bfc062723c751e8b465ee728b)
Start importing Assets/Textures/Snowy Cliff Materials Pack/Textures/CliffSnow 1/Cliff Snow 1_4K_Metalness.tga using Guid(247285d16d53d3548998e70036f9c727) Importer(815301076,1909f56bfc062723c751e8b465ee728b)  -> (artifact id: '4e8051aa0d4d894ac73943965a8ac792') in 0.024259 seconds 
  Import took 0.026737 seconds .

========================================================================
Received Import Request.
  Time since last request: 0.000329 seconds.
  path: Assets/Models/Bush/Bush 8.png
  artifactKey: Guid(5fd606df687c15340965bd70b73e6f3d) Importer(815301076,1909f56bfc062723c751e8b465ee728b)
Start importing Assets/Models/Bush/Bush 8.png using Guid(5fd606df687c15340965bd70b73e6f3d) Importer(815301076,1909f56bfc062723c751e8b465ee728b)  -> (artifact id: '0d6f01fc7ab73f0a4a90de06b2ebe3bd') in 0.021153 seconds 
  Import took 0.024144 seconds .

========================================================================
Received Import Request.
  Time since last request: 0.000334 seconds.
  path: Assets/Textures/Snowy Cliff Materials Pack/Textures/CliffSnow 2/Cliff Snow 2_4K_Normal.tga
  artifactKey: Guid(9594c1b6b96ba6340a5d8b5041a5b4e4) Importer(815301076,1909f56bfc062723c751e8b465ee728b)
Start importing Assets/Textures/Snowy Cliff Materials Pack/Textures/CliffSnow 2/Cliff Snow 2_4K_Normal.tga using Guid(9594c1b6b96ba6340a5d8b5041a5b4e4) Importer(815301076,1909f56bfc062723c751e8b465ee728b)  -> (artifact id: '6385fa9d96275614de307dfaff989e98') in 0.027483 seconds 
  Import took 0.030663 seconds .

========================================================================
Received Import Request.
  Time since last request: 0.000320 seconds.
  path: Assets/Models/Bush/Bush 3.png
  artifactKey: Guid(2ac19523fbb044e4e90bcad0aefaecaf) Importer(815301076,1909f56bfc062723c751e8b465ee728b)
Start importing Assets/Models/Bush/Bush 3.png using Guid(2ac19523fbb044e4e90bcad0aefaecaf) Importer(815301076,1909f56bfc062723c751e8b465ee728b)  -> (artifact id: '4d32f7ef060d17f9f72fd0c5803f9fe4') in 0.022026 seconds 
  Import took 0.025636 seconds .

========================================================================
Received Import Request.
  Time since last request: 0.000397 seconds.
  path: Assets/Models/ConiferTreeParts/Shared Sources/Textures/BODT Conifer Trunk [Albedo] [Smoothness].tif
  artifactKey: Guid(802f5539a44734bfcacbe5243d44edf1) Importer(815301076,1909f56bfc062723c751e8b465ee728b)
Start importing Assets/Models/ConiferTreeParts/Shared Sources/Textures/BODT Conifer Trunk [Albedo] [Smoothness].tif using Guid(802f5539a44734bfcacbe5243d44edf1) Importer(815301076,1909f56bfc062723c751e8b465ee728b)  -> (artifact id: '815d93f2314faa7c47236f3c3ec2b794') in 0.021405 seconds 
  Import took 0.024505 seconds .

========================================================================
Received Import Request.
  Time since last request: 0.000259 seconds.
  path: Assets/Models/Bush/Bush 1.png
  artifactKey: Guid(021e2ef4de3b13e4b85e10d230b9a52c) Importer(815301076,1909f56bfc062723c751e8b465ee728b)
Start importing Assets/Models/Bush/Bush 1.png using Guid(021e2ef4de3b13e4b85e10d230b9a52c) Importer(815301076,1909f56bfc062723c751e8b465ee728b)  -> (artifact id: '3e0baf45731d6f37a700c5de675ca1da') in 0.023607 seconds 
  Import took 0.026351 seconds .

========================================================================
Received Import Request.
  Time since last request: 0.000351 seconds.
  path: Assets/Models/ConiferTreeParts/Shared Sources/Textures/BODT Conifer x Stump [Normal] [AO] [Specular].tif
  artifactKey: Guid(7292f645408434cb896aaee2fd9c2a14) Importer(815301076,1909f56bfc062723c751e8b465ee728b)
Start importing Assets/Models/ConiferTreeParts/Shared Sources/Textures/BODT Conifer x Stump [Normal] [AO] [Specular].tif using Guid(7292f645408434cb896aaee2fd9c2a14) Importer(815301076,1909f56bfc062723c751e8b465ee728b)  -> (artifact id: '02e1f3afc31a21354e100869d8fe02f4') in 0.025468 seconds 
  Import took 0.028978 seconds .

========================================================================
Received Import Request.
  Time since last request: 0.000337 seconds.
  path: Assets/Models/Bush/Bush 6.png
  artifactKey: Guid(9441c1d70a7b1ad45adbf887f14ec1e9) Importer(815301076,1909f56bfc062723c751e8b465ee728b)
Start importing Assets/Models/Bush/Bush 6.png using Guid(9441c1d70a7b1ad45adbf887f14ec1e9) Importer(815301076,1909f56bfc062723c751e8b465ee728b)  -> (artifact id: '9157dd18751415246963c761f951d140') in 0.020524 seconds 
  Import took 0.023308 seconds .

========================================================================
Received Import Request.
  Time since last request: 0.000332 seconds.
  path: Assets/Models/Bush/Bush 4.png
  artifactKey: Guid(05da3951b3b9a8344b2f353d88539ce1) Importer(815301076,1909f56bfc062723c751e8b465ee728b)
Start importing Assets/Models/Bush/Bush 4.png using Guid(05da3951b3b9a8344b2f353d88539ce1) Importer(815301076,1909f56bfc062723c751e8b465ee728b)  -> (artifact id: 'e54c623a36506fbb71412f068ff1ac1c') in 0.019515 seconds 
  Import took 0.022333 seconds .

========================================================================
Received Import Request.
  Time since last request: 0.000379 seconds.
  path: Assets/Textures/Snowy Cliff Materials Pack/Textures/CliffSnow 1/Cliff Snow 1_4K_AO.tga
  artifactKey: Guid(c23fc706fd7a08646a03ca5cd834122e) Importer(815301076,1909f56bfc062723c751e8b465ee728b)
Start importing Assets/Textures/Snowy Cliff Materials Pack/Textures/CliffSnow 1/Cliff Snow 1_4K_AO.tga using Guid(c23fc706fd7a08646a03ca5cd834122e) Importer(815301076,1909f56bfc062723c751e8b465ee728b)  -> (artifact id: '0a92bbb7ecbe8cd6dbc86da71b9cc441') in 0.023520 seconds 
  Import took 0.026309 seconds .

========================================================================
Received Import Request.
  Time since last request: 0.000338 seconds.
  path: Assets/Textures/Snowy Cliff Materials Pack/Textures/CliffSnow 1/Cliff Snow 1_4K_Normal.tga
  artifactKey: Guid(1a6a10eea71d61c4b832072d26ff30f0) Importer(815301076,1909f56bfc062723c751e8b465ee728b)
Start importing Assets/Textures/Snowy Cliff Materials Pack/Textures/CliffSnow 1/Cliff Snow 1_4K_Normal.tga using Guid(1a6a10eea71d61c4b832072d26ff30f0) Importer(815301076,1909f56bfc062723c751e8b465ee728b)  -> (artifact id: '25035413a5b64ebc712d546dd74a6675') in 0.027435 seconds 
  Import took 0.030428 seconds .

========================================================================
Received Import Request.
  Time since last request: 0.000334 seconds.
  path: Assets/Textures/Snowy Cliff Materials Pack/Textures/CliffSnow 1/Cliff Snow 1_4K_Roughness.tga
  artifactKey: Guid(c9acebc5a5ff57643a122645a5dca326) Importer(815301076,1909f56bfc062723c751e8b465ee728b)
Start importing Assets/Textures/Snowy Cliff Materials Pack/Textures/CliffSnow 1/Cliff Snow 1_4K_Roughness.tga using Guid(c9acebc5a5ff57643a122645a5dca326) Importer(815301076,1909f56bfc062723c751e8b465ee728b)  -> (artifact id: '7149a3aa2f6b71f10f2793daca4870ad') in 0.015648 seconds 
  Import took 0.018679 seconds .

========================================================================
Received Import Request.
  Time since last request: 0.000382 seconds.
  path: Assets/Models/ConiferTreeParts/Shared Sources/Textures/BODT Conifer  Branches [Albedo] [Smoothness].tif
  artifactKey: Guid(5597dc21a8aed4e7ba2c0f93dc4b1d98) Importer(815301076,1909f56bfc062723c751e8b465ee728b)
Start importing Assets/Models/ConiferTreeParts/Shared Sources/Textures/BODT Conifer  Branches [Albedo] [Smoothness].tif using Guid(5597dc21a8aed4e7ba2c0f93dc4b1d98) Importer(815301076,1909f56bfc062723c751e8b465ee728b)  -> (artifact id: 'c3b279d20743693f1371ca7de1bbb320') in 0.028209 seconds 
  Import took 0.031395 seconds .

========================================================================
Received Import Request.
  Time since last request: 0.000326 seconds.
  path: Assets/Textures/Snowy Cliff Materials Pack/Textures/CliffSnow 2/Cliff Snow 2_4K_Roughness.tga
  artifactKey: Guid(72518e690ef17c540894dab91616a926) Importer(815301076,1909f56bfc062723c751e8b465ee728b)
Start importing Assets/Textures/Snowy Cliff Materials Pack/Textures/CliffSnow 2/Cliff Snow 2_4K_Roughness.tga using Guid(72518e690ef17c540894dab91616a926) Importer(815301076,1909f56bfc062723c751e8b465ee728b)  -> (artifact id: '18046282be07fc5a288ae76756ed5fcf') in 0.022740 seconds 
  Import took 0.025364 seconds .

========================================================================
Received Import Request.
  Time since last request: 0.000351 seconds.
  path: Assets/Textures/Snowy Cliff Materials Pack/Textures/CliffSnow 3/Cliff Snow 3_4K_Displacement.tga
  artifactKey: Guid(fae9bfb59751f7b4697b8af58792898a) Importer(815301076,1909f56bfc062723c751e8b465ee728b)
Start importing Assets/Textures/Snowy Cliff Materials Pack/Textures/CliffSnow 3/Cliff Snow 3_4K_Displacement.tga using Guid(fae9bfb59751f7b4697b8af58792898a) Importer(815301076,1909f56bfc062723c751e8b465ee728b)  -> (artifact id: 'cf9c56d1db3f28449c48a1d81f30e46d') in 0.024695 seconds 
  Import took 0.028202 seconds .

========================================================================
Received Import Request.
  Time since last request: 0.000338 seconds.
  path: Assets/Textures/Snowy Cliff Materials Pack/Textures/CliffSnow 2/Cliff Snow 2_4K_Metalness.tga
  artifactKey: Guid(e4f127de3f4da6f4a9f67a22c4cb15b8) Importer(815301076,1909f56bfc062723c751e8b465ee728b)
Start importing Assets/Textures/Snowy Cliff Materials Pack/Textures/CliffSnow 2/Cliff Snow 2_4K_Metalness.tga using Guid(e4f127de3f4da6f4a9f67a22c4cb15b8) Importer(815301076,1909f56bfc062723c751e8b465ee728b)  -> (artifact id: '95ca21139157e8e6141b1e37763b5fcd') in 0.022503 seconds 
  Import took 0.025297 seconds .

========================================================================
Received Import Request.
  Time since last request: 0.000346 seconds.
  path: Assets/Textures/Snowy Cliff Materials Pack/Textures/CliffSnow 3/Cliff Snow 3_4K_AO.tga
  artifactKey: Guid(0e4ce1b9887839247a99f2b6f4745e50) Importer(815301076,1909f56bfc062723c751e8b465ee728b)
Start importing Assets/Textures/Snowy Cliff Materials Pack/Textures/CliffSnow 3/Cliff Snow 3_4K_AO.tga using Guid(0e4ce1b9887839247a99f2b6f4745e50) Importer(815301076,1909f56bfc062723c751e8b465ee728b)  -> (artifact id: '37857ac26df482606c1caf6c2aa22067') in 0.023380 seconds 
  Import took 0.025905 seconds .

========================================================================
Received Import Request.
  Time since last request: 0.000408 seconds.
  path: Assets/Textures/Snowy Cliff Materials Pack/Textures/CliffSnow 1/Cliff Snow 1_4K_Displacement.tga
  artifactKey: Guid(0b575703836ce0c4795a754c3b588392) Importer(815301076,1909f56bfc062723c751e8b465ee728b)
Start importing Assets/Textures/Snowy Cliff Materials Pack/Textures/CliffSnow 1/Cliff Snow 1_4K_Displacement.tga using Guid(0b575703836ce0c4795a754c3b588392) Importer(815301076,1909f56bfc062723c751e8b465ee728b)  -> (artifact id: 'bffc9701b5ca374a601d707527d0ef35') in 0.024130 seconds 
  Import took 0.027293 seconds .

========================================================================
Received Import Request.
  Time since last request: 0.000327 seconds.
  path: Assets/Models/ConiferTreeParts/Shared Sources/Textures/BODT Conifer x Stump [Albedo] [Smoothness].tif
  artifactKey: Guid(d7e1060759db04260bbeb12bc11664bd) Importer(815301076,1909f56bfc062723c751e8b465ee728b)
Start importing Assets/Models/ConiferTreeParts/Shared Sources/Textures/BODT Conifer x Stump [Albedo] [Smoothness].tif using Guid(d7e1060759db04260bbeb12bc11664bd) Importer(815301076,1909f56bfc062723c751e8b465ee728b)  -> (artifact id: '5142a9512bc60b498e76bc5580c58ba7') in 0.021361 seconds 
  Import took 0.024224 seconds .

========================================================================
Received Import Request.
  Time since last request: 0.000352 seconds.
  path: Assets/Models/Bush/Bush 5.png
  artifactKey: Guid(1d0acc09e270a62458265b3ebddd4ebd) Importer(815301076,1909f56bfc062723c751e8b465ee728b)
Start importing Assets/Models/Bush/Bush 5.png using Guid(1d0acc09e270a62458265b3ebddd4ebd) Importer(815301076,1909f56bfc062723c751e8b465ee728b)  -> (artifact id: '38cc0cde7121cf25a669cb81cc9f4ab7') in 0.020619 seconds 
  Import took 0.024406 seconds .

========================================================================
Received Import Request.
  Time since last request: 0.000344 seconds.
  path: Assets/Models/ConiferTreeParts/Shared Sources/Textures/BODT Conifer Branches_Normal combined.tif
  artifactKey: Guid(d7dcdeeae2a5d4c6f8e5328e09728b47) Importer(815301076,1909f56bfc062723c751e8b465ee728b)
Start importing Assets/Models/ConiferTreeParts/Shared Sources/Textures/BODT Conifer Branches_Normal combined.tif using Guid(d7dcdeeae2a5d4c6f8e5328e09728b47) Importer(815301076,1909f56bfc062723c751e8b465ee728b)  -> (artifact id: 'df72ec365d90a000a27091e0d0165a5e') in 0.022187 seconds 
  Import took 0.024780 seconds .

AssetImportWorkerClient::OnTransportError - code=2 error=End of file
